This file contains any messages produced by compilers while
running configure, to aid debugging if configure makes a mistake.

It was created by round_cross_game configure 0.1, which was
generated by GNU Autoconf 2.68.  Invocation command line was

  $ /home/nehal/round_cross_game/configure --enable-maintainer-mode --enable-maintainer-mode CFLAGS=-g -O0 CXXFLAGS=-g -O0 JFLAGS=-g -O0 FFLAGS=-g -O0

## --------- ##
## Platform. ##
## --------- ##

hostname = sniper
uname -m = i686
uname -r = 2.6.40-4.fc15.i686.PAE
uname -s = Linux
uname -v = #1 SMP Fri Jul 29 18:47:58 UTC 2011

/usr/bin/uname -p = unknown
/bin/uname -X     = unknown

/bin/arch              = i686
/usr/bin/arch -k       = unknown
/usr/convex/getsysinfo = unknown
/usr/bin/hostinfo      = unknown
/bin/machine           = unknown
/usr/bin/oslevel       = unknown
/bin/universe          = unknown

PATH: /usr/local/bin
PATH: /usr/bin
PATH: /bin
PATH: /usr/local/sbin
PATH: /usr/sbin
PATH: /sbin
PATH: /home/nehal/bin


## ----------- ##
## Core tests. ##
## ----------- ##

configure:2302: checking for a BSD-compatible install
configure:2370: result: /usr/bin/install -c
configure:2381: checking whether build environment is sane
configure:2431: result: yes
configure:2572: checking for a thread-safe mkdir -p
configure:2611: result: /bin/mkdir -p
configure:2624: checking for gawk
configure:2640: found /usr/bin/gawk
configure:2651: result: gawk
configure:2662: checking whether make sets $(MAKE)
configure:2684: result: yes
configure:2767: checking whether to enable maintainer-specific portions of Makefiles
configure:2776: result: yes
configure:2838: checking for gcc
configure:2854: found /usr/bin/gcc
configure:2865: result: gcc
configure:3094: checking for C compiler version
configure:3103: gcc --version >&5
gcc (GCC) 4.6.0 20110603 (Red Hat 4.6.0-10)
Copyright (C) 2011 Free Software Foundation, Inc.
This is free software; see the source for copying conditions.  There is NO
warranty; not even for MERCHANTABILITY or FITNESS FOR A PARTICULAR PURPOSE.

configure:3114: $? = 0
configure:3103: gcc -v >&5
Using built-in specs.
COLLECT_GCC=gcc
COLLECT_LTO_WRAPPER=/usr/libexec/gcc/i686-redhat-linux/4.6.0/lto-wrapper
Target: i686-redhat-linux
Configured with: ../configure --prefix=/usr --mandir=/usr/share/man --infodir=/usr/share/info --with-bugurl=http://bugzilla.redhat.com/bugzilla --enable-bootstrap --enable-shared --enable-threads=posix --enable-checking=release --with-system-zlib --enable-__cxa_atexit --disable-libunwind-exceptions --enable-gnu-unique-object --enable-linker-build-id --enable-languages=c,c++,objc,obj-c++,java,fortran,ada,go,lto --enable-plugin --enable-java-awt=gtk --disable-dssi --with-java-home=/usr/lib/jvm/java-1.5.0-gcj-1.5.0.0/jre --enable-libgcj-multifile --enable-java-maintainer-mode --with-ecj-jar=/usr/share/java/eclipse-ecj.jar --disable-libjava-multilib --with-ppl --with-cloog --with-tune=generic --with-arch=i686 --build=i686-redhat-linux
Thread model: posix
gcc version 4.6.0 20110603 (Red Hat 4.6.0-10) (GCC) 
configure:3114: $? = 0
configure:3103: gcc -V >&5
gcc: error: unrecognized option '-V'
gcc: fatal error: no input files
compilation terminated.
configure:3114: $? = 4
configure:3103: gcc -qversion >&5
gcc: error: unrecognized option '-qversion'
gcc: fatal error: no input files
compilation terminated.
configure:3114: $? = 4
configure:3134: checking whether the C compiler works
configure:3156: gcc -g -O0   conftest.c  >&5
configure:3160: $? = 0
configure:3208: result: yes
configure:3211: checking for C compiler default output file name
configure:3213: result: a.out
configure:3219: checking for suffix of executables
configure:3226: gcc -o conftest -g -O0   conftest.c  >&5
configure:3230: $? = 0
configure:3252: result: 
configure:3274: checking whether we are cross compiling
configure:3282: gcc -o conftest -g -O0   conftest.c  >&5
configure:3286: $? = 0
configure:3293: ./conftest
configure:3297: $? = 0
configure:3312: result: no
configure:3317: checking for suffix of object files
configure:3339: gcc -c -g -O0  conftest.c >&5
configure:3343: $? = 0
configure:3364: result: o
configure:3368: checking whether we are using the GNU C compiler
configure:3387: gcc -c -g -O0  conftest.c >&5
configure:3387: $? = 0
configure:3396: result: yes
configure:3405: checking whether gcc accepts -g
configure:3425: gcc -c -g  conftest.c >&5
configure:3425: $? = 0
configure:3466: result: yes
configure:3483: checking for gcc option to accept ISO C89
configure:3547: gcc  -c -g -O0  conftest.c >&5
configure:3547: $? = 0
configure:3560: result: none needed
configure:3591: checking for style of include used by make
configure:3619: result: GNU
configure:3644: checking dependency style of gcc
configure:3754: result: gcc3
configure:3786: checking how to run the C preprocessor
configure:3817: gcc -E  conftest.c
configure:3817: $? = 0
configure:3831: gcc -E  conftest.c
conftest.c:12:28: fatal error: ac_nonexistent.h: No such file or directory
compilation terminated.
configure:3831: $? = 1
configure: failed program was:
| /* confdefs.h */
| #define PACKAGE_NAME "round_cross_game"
| #define PACKAGE_TARNAME "round_cross_game"
| #define PACKAGE_VERSION "0.1"
| #define PACKAGE_STRING "round_cross_game 0.1"
| #define PACKAGE_BUGREPORT ""
| #define PACKAGE_URL ""
| #define PACKAGE "round_cross_game"
| #define VERSION "0.1"
| #define GETTEXT_PACKAGE "round_cross_game"
| /* end confdefs.h.  */
| #include <ac_nonexistent.h>
configure:3856: result: gcc -E
configure:3876: gcc -E  conftest.c
configure:3876: $? = 0
configure:3890: gcc -E  conftest.c
conftest.c:12:28: fatal error: ac_nonexistent.h: No such file or directory
compilation terminated.
configure:3890: $? = 1
configure: failed program was:
| /* confdefs.h */
| #define PACKAGE_NAME "round_cross_game"
| #define PACKAGE_TARNAME "round_cross_game"
| #define PACKAGE_VERSION "0.1"
| #define PACKAGE_STRING "round_cross_game 0.1"
| #define PACKAGE_BUGREPORT ""
| #define PACKAGE_URL ""
| #define PACKAGE "round_cross_game"
| #define VERSION "0.1"
| #define GETTEXT_PACKAGE "round_cross_game"
| /* end confdefs.h.  */
| #include <ac_nonexistent.h>
configure:3919: checking for grep that handles long lines and -e
configure:3977: result: /bin/grep
configure:3982: checking for egrep
configure:4044: result: /bin/grep -E
configure:4049: checking for ANSI C header files
configure:4069: gcc -c -g -O0  conftest.c >&5
configure:4069: $? = 0
configure:4142: gcc -o conftest -g -O0   conftest.c  >&5
configure:4142: $? = 0
configure:4142: ./conftest
configure:4142: $? = 0
configure:4153: result: yes
configure:4166: checking for sys/types.h
configure:4166: gcc -c -g -O0  conftest.c >&5
configure:4166: $? = 0
configure:4166: result: yes
configure:4166: checking for sys/stat.h
configure:4166: gcc -c -g -O0  conftest.c >&5
configure:4166: $? = 0
configure:4166: result: yes
configure:4166: checking for stdlib.h
configure:4166: gcc -c -g -O0  conftest.c >&5
configure:4166: $? = 0
configure:4166: result: yes
configure:4166: checking for string.h
configure:4166: gcc -c -g -O0  conftest.c >&5
configure:4166: $? = 0
configure:4166: result: yes
configure:4166: checking for memory.h
configure:4166: gcc -c -g -O0  conftest.c >&5
configure:4166: $? = 0
configure:4166: result: yes
configure:4166: checking for strings.h
configure:4166: gcc -c -g -O0  conftest.c >&5
configure:4166: $? = 0
configure:4166: result: yes
configure:4166: checking for inttypes.h
configure:4166: gcc -c -g -O0  conftest.c >&5
configure:4166: $? = 0
configure:4166: result: yes
configure:4166: checking for stdint.h
configure:4166: gcc -c -g -O0  conftest.c >&5
configure:4166: $? = 0
configure:4166: result: yes
configure:4166: checking for unistd.h
configure:4166: gcc -c -g -O0  conftest.c >&5
configure:4166: $? = 0
configure:4166: result: yes
configure:4181: checking locale.h usability
configure:4181: gcc -c -g -O0  conftest.c >&5
configure:4181: $? = 0
configure:4181: result: yes
configure:4181: checking locale.h presence
configure:4181: gcc -E  conftest.c
configure:4181: $? = 0
configure:4181: result: yes
configure:4181: checking for locale.h
configure:4181: result: yes
configure:4192: checking for LC_MESSAGES
configure:4208: gcc -o conftest -g -O0   conftest.c  >&5
configure:4208: $? = 0
configure:4216: result: yes
configure:4233: checking libintl.h usability
configure:4233: gcc -c -g -O0  conftest.c >&5
configure:4233: $? = 0
configure:4233: result: yes
configure:4233: checking libintl.h presence
configure:4233: gcc -E  conftest.c
configure:4233: $? = 0
configure:4233: result: yes
configure:4233: checking for libintl.h
configure:4233: result: yes
configure:4241: checking for ngettext in libc
configure:4259: gcc -o conftest -g -O0   conftest.c  >&5
configure:4259: $? = 0
configure:4268: result: yes
configure:4272: checking for dgettext in libc
configure:4290: gcc -o conftest -g -O0   conftest.c  >&5
configure:4290: $? = 0
configure:4299: result: yes
configure:4306: checking for bind_textdomain_codeset
configure:4306: gcc -o conftest -g -O0   conftest.c  >&5
configure:4306: $? = 0
configure:4306: result: yes
configure:4582: checking for msgfmt
configure:4609: result: /usr/bin/msgfmt
configure:4620: checking for dcgettext
configure:4620: gcc -o conftest -g -O0   conftest.c   >&5
conftest.c:49:6: warning: conflicting types for built-in function 'dcgettext' [enabled by default]
configure:4620: $? = 0
configure:4620: result: yes
configure:4630: checking if msgfmt accepts -c
configure:4645: $MSGFMT -c -o /dev/null conftest.foo
configure:4648: $? = 0
configure:4650: result: yes
configure:4660: checking for gmsgfmt
configure:4691: result: /usr/bin/msgfmt
configure:4701: checking for xgettext
configure:4728: result: /usr/bin/xgettext
configure:4747: gcc -o conftest -g -O0   conftest.c   >&5
configure:4747: $? = 0
configure:4883: checking whether NLS is requested
configure:4892: result: yes
configure:4907: checking for intltool >= 0.35.0
configure:4914: result: 0.41.1 found
configure:4922: checking for intltool-update
configure:4940: found /usr/bin/intltool-update
configure:4952: result: /usr/bin/intltool-update
configure:4962: checking for intltool-merge
configure:4980: found /usr/bin/intltool-merge
configure:4992: result: /usr/bin/intltool-merge
configure:5002: checking for intltool-extract
configure:5020: found /usr/bin/intltool-extract
configure:5032: result: /usr/bin/intltool-extract
configure:5163: checking for xgettext
configure:5193: result: /usr/bin/xgettext
configure:5203: checking for msgmerge
configure:5221: found /usr/bin/msgmerge
configure:5233: result: /usr/bin/msgmerge
configure:5243: checking for msgfmt
configure:5273: result: /usr/bin/msgfmt
configure:5283: checking for gmsgfmt
configure:5314: result: /usr/bin/msgfmt
configure:5334: checking for perl
configure:5352: found /usr/bin/perl
configure:5364: result: /usr/bin/perl
configure:5375: checking for perl >= 5.8.1
configure:5382: result: 5.12.4
configure:5386: checking for XML::Parser
configure:5389: result: ok
configure:5472: checking build system type
configure:5486: result: i686-pc-linux-gnu
configure:5506: checking host system type
configure:5519: result: i686-pc-linux-gnu
configure:5560: checking how to print strings
configure:5587: result: printf
configure:5608: checking for a sed that does not truncate output
configure:5672: result: /bin/sed
configure:5690: checking for fgrep
configure:5752: result: /bin/grep -F
configure:5787: checking for ld used by gcc
configure:5854: result: /usr/bin/ld
configure:5861: checking if the linker (/usr/bin/ld) is GNU ld
configure:5876: result: yes
configure:5888: checking for BSD- or MS-compatible name lister (nm)
configure:5937: result: /usr/bin/nm -B
configure:6067: checking the name lister (/usr/bin/nm -B) interface
configure:6074: gcc -c -g -O0  conftest.c >&5
configure:6077: /usr/bin/nm -B "conftest.o"
configure:6080: output
00000000 B some_variable
configure:6087: result: BSD nm
configure:6090: checking whether ln -s works
configure:6094: result: yes
configure:6102: checking the maximum length of command line arguments
configure:6227: result: 1572864
configure:6244: checking whether the shell understands some XSI constructs
configure:6254: result: yes
configure:6258: checking whether the shell understands "+="
configure:6264: result: yes
configure:6299: checking how to convert i686-pc-linux-gnu file names to i686-pc-linux-gnu format
configure:6339: result: func_convert_file_noop
configure:6346: checking how to convert i686-pc-linux-gnu file names to toolchain format
configure:6366: result: func_convert_file_noop
configure:6373: checking for /usr/bin/ld option to reload object files
configure:6380: result: -r
configure:6454: checking for objdump
configure:6470: found /usr/bin/objdump
configure:6481: result: objdump
configure:6513: checking how to recognize dependent libraries
configure:6715: result: pass_all
configure:6800: checking for dlltool
configure:6830: result: no
configure:6860: checking how to associate runtime and link libraries
configure:6887: result: printf %s\n
configure:6947: checking for ar
configure:6963: found /usr/bin/ar
configure:6974: result: ar
configure:7011: checking for archiver @FILE support
configure:7028: gcc -c -g -O0  conftest.c >&5
configure:7028: $? = 0
configure:7031: ar cru libconftest.a @conftest.lst >&5
configure:7034: $? = 0
configure:7039: ar cru libconftest.a @conftest.lst >&5
ar: conftest.o: No such file or directory
configure:7042: $? = 1
configure:7054: result: @
configure:7112: checking for strip
configure:7128: found /usr/bin/strip
configure:7139: result: strip
configure:7211: checking for ranlib
configure:7227: found /usr/bin/ranlib
configure:7238: result: ranlib
configure:7340: checking command to parse /usr/bin/nm -B output from gcc object
configure:7459: gcc -c -g -O0  conftest.c >&5
configure:7462: $? = 0
configure:7466: /usr/bin/nm -B conftest.o \| sed -n -e 's/^.*[ ]\([ABCDGIRSTW][ABCDGIRSTW]*\)[ ][ ]*\([_A-Za-z][_A-Za-z0-9]*\)$/\1 \2 \2/p' | sed '/ __gnu_lto/d' \> conftest.nm
configure:7469: $? = 0
configure:7535: gcc -o conftest -g -O0   conftest.c conftstm.o >&5
configure:7538: $? = 0
configure:7576: result: ok
configure:7613: checking for sysroot
configure:7643: result: no
configure:7886: checking for mt
configure:7916: result: no
configure:7936: checking if : is a manifest tool
configure:7942: : '-?'
configure:7950: result: no
configure:8579: checking for dlfcn.h
configure:8579: gcc -c -g -O0  conftest.c >&5
configure:8579: $? = 0
configure:8579: result: yes
configure:8766: checking for objdir
configure:8781: result: .libs
configure:9048: checking if gcc supports -fno-rtti -fno-exceptions
configure:9066: gcc -c -g -O0  -fno-rtti -fno-exceptions conftest.c >&5
cc1: warning: command line option '-fno-rtti' is valid for C++/ObjC++ but not for C [enabled by default]
configure:9070: $? = 0
configure:9083: result: no
configure:9393: checking for gcc option to produce PIC
configure:9400: result: -fPIC -DPIC
configure:9408: checking if gcc PIC flag -fPIC -DPIC works
configure:9426: gcc -c -g -O0  -fPIC -DPIC -DPIC conftest.c >&5
configure:9430: $? = 0
configure:9443: result: yes
configure:9472: checking if gcc static flag -static works
configure:9500: result: no
configure:9515: checking if gcc supports -c -o file.o
configure:9536: gcc -c -g -O0  -o out/conftest2.o conftest.c >&5
configure:9540: $? = 0
configure:9562: result: yes
configure:9570: checking if gcc supports -c -o file.o
configure:9617: result: yes
configure:9650: checking whether the gcc linker (/usr/bin/ld) supports shared libraries
configure:10808: result: yes
configure:10845: checking whether -lc should be explicitly linked in
configure:10853: gcc -c -g -O0  conftest.c >&5
configure:10856: $? = 0
configure:10871: gcc -shared  -fPIC -DPIC conftest.o  -v -Wl,-soname -Wl,conftest -o conftest 2\>\&1 \| /bin/grep  -lc  \>/dev/null 2\>\&1
configure:10874: $? = 0
configure:10888: result: no
configure:11053: checking dynamic linker characteristics
configure:11567: gcc -o conftest -g -O0   -Wl,-rpath -Wl,/foo conftest.c  >&5
configure:11567: $? = 0
configure:11793: result: GNU/Linux ld.so
configure:11900: checking how to hardcode library paths into programs
configure:11925: result: immediate
configure:12465: checking whether stripping libraries is possible
configure:12470: result: yes
configure:12505: checking if libtool supports shared libraries
configure:12507: result: yes
configure:12510: checking whether to build shared libraries
configure:12531: result: yes
configure:12534: checking whether to build static libraries
configure:12538: result: yes
configure:12629: checking for pkg-config
configure:12647: found /usr/bin/pkg-config
configure:12659: result: /usr/bin/pkg-config
configure:12684: checking pkg-config is at least version 0.9.0
configure:12687: result: yes
configure:12697: checking for ROUND_CROSS_GAME
configure:12704: $PKG_CONFIG --exists --print-errors "gtk+-3.0 "
configure:12707: $? = 0
configure:12720: $PKG_CONFIG --exists --print-errors "gtk+-3.0 "
configure:12723: $? = 0
configure:12782: result: yes
configure:12930: creating ./config.status

## ---------------------- ##
## Running config.status. ##
## ---------------------- ##

This file was extended by round_cross_game config.status 0.1, which was
generated by GNU Autoconf 2.68.  Invocation command line was

  CONFIG_FILES    = 
  CONFIG_HEADERS  = 
  CONFIG_LINKS    = 
  CONFIG_COMMANDS = 
  $ ./config.status 

on sniper

config.status:1170: creating Makefile
config.status:1170: creating src/Makefile
config.status:1170: creating po/Makefile.in
config.status:1170: creating config.h
config.status:1384: executing depfiles commands
config.status:1384: executing default-1 commands
config.status:1384: executing libtool commands
config.status:1384: executing po/stamp-it commands

## ---------------- ##
## Cache variables. ##
## ---------------- ##

ac_cv_build=i686-pc-linux-gnu
ac_cv_c_compiler_gnu=yes
ac_cv_env_CC_set=
ac_cv_env_CC_value=
ac_cv_env_CFLAGS_set=set
ac_cv_env_CFLAGS_value='-g -O0'
ac_cv_env_CPPFLAGS_set=
ac_cv_env_CPPFLAGS_value=
ac_cv_env_CPP_set=
ac_cv_env_CPP_value=
ac_cv_env_LDFLAGS_set=
ac_cv_env_LDFLAGS_value=
ac_cv_env_LIBS_set=
ac_cv_env_LIBS_value=
ac_cv_env_PKG_CONFIG_LIBDIR_set=
ac_cv_env_PKG_CONFIG_LIBDIR_value=
ac_cv_env_PKG_CONFIG_PATH_set=
ac_cv_env_PKG_CONFIG_PATH_value=
ac_cv_env_PKG_CONFIG_set=
ac_cv_env_PKG_CONFIG_value=
ac_cv_env_ROUND_CROSS_GAME_CFLAGS_set=
ac_cv_env_ROUND_CROSS_GAME_CFLAGS_value=
ac_cv_env_ROUND_CROSS_GAME_LIBS_set=
ac_cv_env_ROUND_CROSS_GAME_LIBS_value=
ac_cv_env_build_alias_set=
ac_cv_env_build_alias_value=
ac_cv_env_host_alias_set=
ac_cv_env_host_alias_value=
ac_cv_env_target_alias_set=
ac_cv_env_target_alias_value=
ac_cv_func_bind_textdomain_codeset=yes
ac_cv_func_dcgettext=yes
ac_cv_header_dlfcn_h=yes
ac_cv_header_inttypes_h=yes
ac_cv_header_libintl_h=yes
ac_cv_header_locale_h=yes
ac_cv_header_memory_h=yes
ac_cv_header_stdc=yes
ac_cv_header_stdint_h=yes
ac_cv_header_stdlib_h=yes
ac_cv_header_string_h=yes
ac_cv_header_strings_h=yes
ac_cv_header_sys_stat_h=yes
ac_cv_header_sys_types_h=yes
ac_cv_header_unistd_h=yes
ac_cv_host=i686-pc-linux-gnu
ac_cv_objext=o
ac_cv_path_EGREP='/bin/grep -E'
ac_cv_path_FGREP='/bin/grep -F'
ac_cv_path_GMSGFMT=/usr/bin/msgfmt
ac_cv_path_GREP=/bin/grep
ac_cv_path_INTLTOOL_EXTRACT=/usr/bin/intltool-extract
ac_cv_path_INTLTOOL_MERGE=/usr/bin/intltool-merge
ac_cv_path_INTLTOOL_PERL=/usr/bin/perl
ac_cv_path_INTLTOOL_UPDATE=/usr/bin/intltool-update
ac_cv_path_MSGFMT=/usr/bin/msgfmt
ac_cv_path_MSGMERGE=/usr/bin/msgmerge
ac_cv_path_SED=/bin/sed
ac_cv_path_XGETTEXT=/usr/bin/xgettext
ac_cv_path_ac_pt_PKG_CONFIG=/usr/bin/pkg-config
ac_cv_path_install='/usr/bin/install -c'
ac_cv_path_mkdir=/bin/mkdir
ac_cv_prog_AWK=gawk
ac_cv_prog_CPP='gcc -E'
ac_cv_prog_ac_ct_AR=ar
ac_cv_prog_ac_ct_CC=gcc
ac_cv_prog_ac_ct_OBJDUMP=objdump
ac_cv_prog_ac_ct_RANLIB=ranlib
ac_cv_prog_ac_ct_STRIP=strip
ac_cv_prog_cc_c89=
ac_cv_prog_cc_g=yes
ac_cv_prog_make_make_set=yes
am_cv_CC_dependencies_compiler_type=gcc3
am_cv_val_LC_MESSAGES=yes
gt_cv_func_dgettext_libc=yes
gt_cv_func_dgettext_libintl=no
gt_cv_func_ngettext_libc=yes
gt_cv_have_gettext=yes
lt_cv_ar_at_file=@
lt_cv_archive_cmds_need_lc=no
lt_cv_deplibs_check_method=pass_all
lt_cv_file_magic_cmd='$MAGIC_CMD'
lt_cv_file_magic_test_file=
lt_cv_ld_reload_flag=-r
lt_cv_nm_interface='BSD nm'
lt_cv_objdir=.libs
lt_cv_path_LD=/usr/bin/ld
lt_cv_path_NM='/usr/bin/nm -B'
lt_cv_path_mainfest_tool=no
lt_cv_prog_compiler_c_o=yes
lt_cv_prog_compiler_pic='-fPIC -DPIC'
lt_cv_prog_compiler_pic_works=yes
lt_cv_prog_compiler_rtti_exceptions=no
lt_cv_prog_compiler_static_works=no
lt_cv_prog_gnu_ld=yes
lt_cv_sharedlib_from_linklib_cmd='printf %s\n'
lt_cv_shlibpath_overrides_runpath=no
lt_cv_sys_global_symbol_pipe='sed -n -e '\''s/^.*[	 ]\([ABCDGIRSTW][ABCDGIRSTW]*\)[	 ][	 ]*\([_A-Za-z][_A-Za-z0-9]*\)$/\1 \2 \2/p'\'' | sed '\''/ __gnu_lto/d'\'''
lt_cv_sys_global_symbol_to_c_name_address='sed -n -e '\''s/^: \([^ ]*\)[ ]*$/  {\"\1\", (void *) 0},/p'\'' -e '\''s/^[ABCDGIRSTW]* \([^ ]*\) \([^ ]*\)$/  {"\2", (void *) \&\2},/p'\'''
lt_cv_sys_global_symbol_to_c_name_address_lib_prefix='sed -n -e '\''s/^: \([^ ]*\)[ ]*$/  {\"\1\", (void *) 0},/p'\'' -e '\''s/^[ABCDGIRSTW]* \([^ ]*\) \(lib[^ ]*\)$/  {"\2", (void *) \&\2},/p'\'' -e '\''s/^[ABCDGIRSTW]* \([^ ]*\) \([^ ]*\)$/  {"lib\2", (void *) \&\2},/p'\'''
lt_cv_sys_global_symbol_to_cdecl='sed -n -e '\''s/^T .* \(.*\)$/extern int \1();/p'\'' -e '\''s/^[ABCDGIRSTW]* .* \(.*\)$/extern char \1;/p'\'''
lt_cv_sys_max_cmd_len=1572864
lt_cv_to_host_file_cmd=func_convert_file_noop
lt_cv_to_tool_file_cmd=func_convert_file_noop
pkg_cv_ROUND_CROSS_GAME_CFLAGS='-DGSEAL_ENABLE -pthread -I/usr/include/gtk-3.0 -I/usr/include/atk-1.0 -I/usr/include/cairo -I/usr/include/gdk-pixbuf-2.0 -I/usr/include/pango-1.0 -I/usr/include/glib-2.0 -I/usr/lib/glib-2.0/include -I/usr/include/pixman-1 -I/usr/include/freetype2 -I/usr/include/libpng12  '
pkg_cv_ROUND_CROSS_GAME_LIBS='-pthread -lgtk-3 -lgdk-3 -latk-1.0 -lgio-2.0 -lpangoft2-1.0 -lpangocairo-1.0 -lgdk_pixbuf-2.0 -lpng12 -lm -lcairo-gobject -lcairo -lpango-1.0 -lfreetype -lfontconfig -lgobject-2.0 -lgmodule-2.0 -lgthread-2.0 -lrt -lglib-2.0  '

## ----------------- ##
## Output variables. ##
## ----------------- ##

ACLOCAL='${SHELL} /home/nehal/round_cross_game/missing --run aclocal-1.11'
ALL_LINGUAS=''
AMDEPBACKSLASH='\'
AMDEP_FALSE='#'
AMDEP_TRUE=''
AMTAR='${SHELL} /home/nehal/round_cross_game/missing --run tar'
AM_BACKSLASH='\'
AM_DEFAULT_VERBOSITY='0'
AR='ar'
AUTOCONF='${SHELL} /home/nehal/round_cross_game/missing --run autoconf'
AUTOHEADER='${SHELL} /home/nehal/round_cross_game/missing --run autoheader'
AUTOMAKE='${SHELL} /home/nehal/round_cross_game/missing --run automake-1.11'
AWK='gawk'
CATALOGS=''
CATOBJEXT='.gmo'
CC='gcc'
CCDEPMODE='depmode=gcc3'
CFLAGS='-g -O0'
CPP='gcc -E'
CPPFLAGS=''
CYGPATH_W='echo'
DATADIRNAME='share'
DEFS='-DHAVE_CONFIG_H'
DEPDIR='.deps'
DLLTOOL='false'
DSYMUTIL=''
DUMPBIN=''
ECHO_C=''
ECHO_N='-n'
ECHO_T=''
EGREP='/bin/grep -E'
EXEEXT=''
FGREP='/bin/grep -F'
GETTEXT_PACKAGE='round_cross_game'
GMOFILES=''
GMSGFMT='/usr/bin/msgfmt'
GREP='/bin/grep'
INSTALL_DATA='${INSTALL} -m 644'
INSTALL_PROGRAM='${INSTALL}'
INSTALL_SCRIPT='${INSTALL}'
INSTALL_STRIP_PROGRAM='$(install_sh) -c -s'
INSTOBJEXT='.mo'
INTLLIBS=''
INTLTOOL_CAVES_RULE='%.caves:     %.caves.in     $(INTLTOOL_MERGE) $(wildcard $(top_srcdir)/po/*.po) ; LC_ALL=C $(INTLTOOL_MERGE) -d -u -c $(top_builddir)/po/.intltool-merge-cache $(top_srcdir)/po $< $@'
INTLTOOL_DESKTOP_RULE='%.desktop:   %.desktop.in   $(INTLTOOL_MERGE) $(wildcard $(top_srcdir)/po/*.po) ; LC_ALL=C $(INTLTOOL_MERGE) -d -u -c $(top_builddir)/po/.intltool-merge-cache $(top_srcdir)/po $< $@'
INTLTOOL_DIRECTORY_RULE='%.directory: %.directory.in $(INTLTOOL_MERGE) $(wildcard $(top_srcdir)/po/*.po) ; LC_ALL=C $(INTLTOOL_MERGE) -d -u -c $(top_builddir)/po/.intltool-merge-cache $(top_srcdir)/po $< $@'
INTLTOOL_EXTRACT='/usr/bin/intltool-extract'
INTLTOOL_KBD_RULE='%.kbd:       %.kbd.in       $(INTLTOOL_MERGE) $(wildcard $(top_srcdir)/po/*.po) ; LC_ALL=C $(INTLTOOL_MERGE) -x -u -m -c $(top_builddir)/po/.intltool-merge-cache $(top_srcdir)/po $< $@'
INTLTOOL_KEYS_RULE='%.keys:      %.keys.in      $(INTLTOOL_MERGE) $(wildcard $(top_srcdir)/po/*.po) ; LC_ALL=C $(INTLTOOL_MERGE) -k -u -c $(top_builddir)/po/.intltool-merge-cache $(top_srcdir)/po $< $@'
INTLTOOL_MERGE='/usr/bin/intltool-merge'
INTLTOOL_OAF_RULE='%.oaf:       %.oaf.in       $(INTLTOOL_MERGE) $(wildcard $(top_srcdir)/po/*.po) ; LC_ALL=C $(INTLTOOL_MERGE) -o -p $(top_srcdir)/po $< $@'
INTLTOOL_PERL='/usr/bin/perl'
INTLTOOL_POLICY_RULE='%.policy:    %.policy.in    $(INTLTOOL_MERGE) $(wildcard $(top_srcdir)/po/*.po) ; LC_ALL=C $(INTLTOOL_MERGE) -x -u -c $(top_builddir)/po/.intltool-merge-cache $(top_srcdir)/po $< $@'
INTLTOOL_PONG_RULE='%.pong:      %.pong.in      $(INTLTOOL_MERGE) $(wildcard $(top_srcdir)/po/*.po) ; LC_ALL=C $(INTLTOOL_MERGE) -x -u -c $(top_builddir)/po/.intltool-merge-cache $(top_srcdir)/po $< $@'
INTLTOOL_PROP_RULE='%.prop:      %.prop.in      $(INTLTOOL_MERGE) $(wildcard $(top_srcdir)/po/*.po) ; LC_ALL=C $(INTLTOOL_MERGE) -d -u -c $(top_builddir)/po/.intltool-merge-cache $(top_srcdir)/po $< $@'
INTLTOOL_SCHEMAS_RULE='%.schemas:   %.schemas.in   $(INTLTOOL_MERGE) $(wildcard $(top_srcdir)/po/*.po) ; LC_ALL=C $(INTLTOOL_MERGE) -s -u -c $(top_builddir)/po/.intltool-merge-cache $(top_srcdir)/po $< $@'
INTLTOOL_SERVER_RULE='%.server:    %.server.in    $(INTLTOOL_MERGE) $(wildcard $(top_srcdir)/po/*.po) ; LC_ALL=C $(INTLTOOL_MERGE) -o -u -c $(top_builddir)/po/.intltool-merge-cache $(top_srcdir)/po $< $@'
INTLTOOL_SERVICE_RULE='%.service: %.service.in   $(INTLTOOL_MERGE) $(wildcard $(top_srcdir)/po/*.po) ; LC_ALL=C $(INTLTOOL_MERGE) -d -u -c $(top_builddir)/po/.intltool-merge-cache $(top_srcdir)/po $< $@'
INTLTOOL_SHEET_RULE='%.sheet:     %.sheet.in     $(INTLTOOL_MERGE) $(wildcard $(top_srcdir)/po/*.po) ; LC_ALL=C $(INTLTOOL_MERGE) -x -u -c $(top_builddir)/po/.intltool-merge-cache $(top_srcdir)/po $< $@'
INTLTOOL_SOUNDLIST_RULE='%.soundlist: %.soundlist.in $(INTLTOOL_MERGE) $(wildcard $(top_srcdir)/po/*.po) ; LC_ALL=C $(INTLTOOL_MERGE) -d -u -c $(top_builddir)/po/.intltool-merge-cache $(top_srcdir)/po $< $@'
INTLTOOL_THEME_RULE='%.theme:     %.theme.in     $(INTLTOOL_MERGE) $(wildcard $(top_srcdir)/po/*.po) ; LC_ALL=C $(INTLTOOL_MERGE) -d -u -c $(top_builddir)/po/.intltool-merge-cache $(top_srcdir)/po $< $@'
INTLTOOL_UI_RULE='%.ui:        %.ui.in        $(INTLTOOL_MERGE) $(wildcard $(top_srcdir)/po/*.po) ; LC_ALL=C $(INTLTOOL_MERGE) -x -u -c $(top_builddir)/po/.intltool-merge-cache $(top_srcdir)/po $< $@'
INTLTOOL_UPDATE='/usr/bin/intltool-update'
INTLTOOL_XAM_RULE='%.xam:       %.xml.in       $(INTLTOOL_MERGE) $(wildcard $(top_srcdir)/po/*.po) ; LC_ALL=C $(INTLTOOL_MERGE) -x -u -c $(top_builddir)/po/.intltool-merge-cache $(top_srcdir)/po $< $@'
INTLTOOL_XML_NOMERGE_RULE='%.xml:       %.xml.in       $(INTLTOOL_MERGE) ; LC_ALL=C $(INTLTOOL_MERGE) -x -u /tmp $< $@'
INTLTOOL_XML_RULE='%.xml:       %.xml.in       $(INTLTOOL_MERGE) $(wildcard $(top_srcdir)/po/*.po) ; LC_ALL=C $(INTLTOOL_MERGE) -x -u -c $(top_builddir)/po/.intltool-merge-cache $(top_srcdir)/po $< $@'
LD='/usr/bin/ld'
LDFLAGS=''
LIBOBJS=''
LIBS=''
LIBTOOL='$(SHELL) $(top_builddir)/libtool'
LIPO=''
LN_S='ln -s'
LTLIBOBJS=''
MAINT=''
MAINTAINER_MODE_FALSE='#'
MAINTAINER_MODE_TRUE=''
MAKEINFO='${SHELL} /home/nehal/round_cross_game/missing --run makeinfo'
MANIFEST_TOOL=':'
MKDIR_P='/bin/mkdir -p'
MKINSTALLDIRS='/home/nehal/round_cross_game/mkinstalldirs'
MSGFMT='/usr/bin/msgfmt'
MSGFMT_OPTS='-c'
MSGMERGE='/usr/bin/msgmerge'
NM='/usr/bin/nm -B'
NMEDIT=''
OBJDUMP='objdump'
OBJEXT='o'
OTOOL64=''
OTOOL=''
PACKAGE='round_cross_game'
PACKAGE_BUGREPORT=''
PACKAGE_NAME='round_cross_game'
PACKAGE_STRING='round_cross_game 0.1'
PACKAGE_TARNAME='round_cross_game'
PACKAGE_URL=''
PACKAGE_VERSION='0.1'
PATH_SEPARATOR=':'
PKG_CONFIG='/usr/bin/pkg-config'
PKG_CONFIG_LIBDIR=''
PKG_CONFIG_PATH=''
POFILES=''
POSUB='po'
PO_IN_DATADIR_FALSE=''
PO_IN_DATADIR_TRUE=''
RANLIB='ranlib'
ROUND_CROSS_GAME_CFLAGS='-DGSEAL_ENABLE -pthread -I/usr/include/gtk-3.0 -I/usr/include/atk-1.0 -I/usr/include/cairo -I/usr/include/gdk-pixbuf-2.0 -I/usr/include/pango-1.0 -I/usr/include/glib-2.0 -I/usr/lib/glib-2.0/include -I/usr/include/pixman-1 -I/usr/include/freetype2 -I/usr/include/libpng12  '
ROUND_CROSS_GAME_LIBS='-pthread -lgtk-3 -lgdk-3 -latk-1.0 -lgio-2.0 -lpangoft2-1.0 -lpangocairo-1.0 -lgdk_pixbuf-2.0 -lpng12 -lm -lcairo-gobject -lcairo -lpango-1.0 -lfreetype -lfontconfig -lgobject-2.0 -lgmodule-2.0 -lgthread-2.0 -lrt -lglib-2.0  '
SED='/bin/sed'
SET_MAKE=''
SHELL='/bin/sh'
STRIP='strip'
USE_NLS='yes'
VERSION='0.1'
XGETTEXT='/usr/bin/xgettext'
ac_ct_AR='ar'
ac_ct_CC='gcc'
ac_ct_DUMPBIN=''
am__EXEEXT_FALSE=''
am__EXEEXT_TRUE='#'
am__fastdepCC_FALSE='#'
am__fastdepCC_TRUE=''
am__include='include'
am__isrc=' -I$(srcdir)'
am__leading_dot='.'
am__quote=''
am__tar='${AMTAR} chof - "$$tardir"'
am__untar='${AMTAR} xf -'
bindir='${exec_prefix}/bin'
build='i686-pc-linux-gnu'
build_alias=''
build_cpu='i686'
build_os='linux-gnu'
build_vendor='pc'
datadir='${datarootdir}'
datarootdir='${prefix}/share'
docdir='${datarootdir}/doc/${PACKAGE_TARNAME}'
dvidir='${docdir}'
exec_prefix='${prefix}'
host='i686-pc-linux-gnu'
host_alias=''
host_cpu='i686'
host_os='linux-gnu'
host_vendor='pc'
htmldir='${docdir}'
includedir='${prefix}/include'
infodir='${datarootdir}/info'
install_sh='${SHELL} /home/nehal/round_cross_game/install-sh'
libdir='${exec_prefix}/lib'
libexecdir='${exec_prefix}/libexec'
localedir='${datarootdir}/locale'
localstatedir='${prefix}/var'
mandir='${datarootdir}/man'
mkdir_p='/bin/mkdir -p'
oldincludedir='/usr/include'
pdfdir='${docdir}'
prefix='/usr/local'
program_transform_name='s,x,x,'
psdir='${docdir}'
sbindir='${exec_prefix}/sbin'
sharedstatedir='${prefix}/com'
sysconfdir='${prefix}/etc'
target_alias=''

## ----------- ##
## confdefs.h. ##
## ----------- ##

/* confdefs.h */
#define PACKAGE_NAME "round_cross_game"
#define PACKAGE_TARNAME "round_cross_game"
#define PACKAGE_VERSION "0.1"
#define PACKAGE_STRING "round_cross_game 0.1"
#define PACKAGE_BUGREPORT ""
#define PACKAGE_URL ""
#define PACKAGE "round_cross_game"
#define VERSION "0.1"
#define GETTEXT_PACKAGE "round_cross_game"
#define STDC_HEADERS 1
#define HAVE_SYS_TYPES_H 1
#define HAVE_SYS_STAT_H 1
#define HAVE_STDLIB_H 1
#define HAVE_STRING_H 1
#define HAVE_MEMORY_H 1
#define HAVE_STRINGS_H 1
#define HAVE_INTTYPES_H 1
#define HAVE_STDINT_H 1
#define HAVE_UNISTD_H 1
#define HAVE_LOCALE_H 1
#define HAVE_LC_MESSAGES 1
#define HAVE_BIND_TEXTDOMAIN_CODESET 1
#define HAVE_GETTEXT 1
#define HAVE_DCGETTEXT 1
#define ENABLE_NLS 1
#define HAVE_DLFCN_H 1
#define LT_OBJDIR ".libs/"

configure: exit 0
